Start testing: Jun 04 11:11 UTC
----------------------------------------------------------
6/43 Testing: ThreadPool: hardware_concurrency default
6/43 Test: ThreadPool: hardware_concurrency default
Command: "/localdev/smarton/gstt2/build/tests/gsplat_cpu_tests" "ThreadPool: hardware_concurrency default"
Directory: /localdev/smarton/gstt2/build/tests
"ThreadPool: hardware_concurrency default" start time: Jun 04 11:11 UTC
Output:
----------------------------------------------------------
Filters: "ThreadPool: hardware_concurrency default"
Randomness seeded to: 3748554373
===============================================================================
All tests passed (1 assertion in 1 test case)

<end of output>
Test time =   0.01 sec
----------------------------------------------------------
Test Passed.
"ThreadPool: hardware_concurrency default" end time: Jun 04 11:11 UTC
"ThreadPool: hardware_concurrency default" time elapsed: 00:00:00
----------------------------------------------------------

26/43 Testing: blend: transmittance early termination with stacked opaque Gaussians
26/43 Test: blend: transmittance early termination with stacked opaque Gaussians
Command: "/localdev/smarton/gstt2/build/tests/gsplat_cpu_tests" "blend: transmittance early termination with stacked opaque Gaussians"
Directory: /localdev/smarton/gstt2/build/tests
"blend: transmittance early termination with stacked opaque Gaussians" start time: Jun 04 11:11 UTC
Output:
----------------------------------------------------------
Filters: "blend: transmittance early termination with stacked opaque Gaussians"
Randomness seeded to: 1715675724
===============================================================================
All tests passed (2 assertions in 1 test case)

<end of output>
Test time =   0.02 sec
----------------------------------------------------------
Test Passed.
"blend: transmittance early termination with stacked opaque Gaussians" end time: Jun 04 11:11 UTC
"blend: transmittance early termination with stacked opaque Gaussians" time elapsed: 00:00:00
----------------------------------------------------------

22/43 Testing: blend_microblock: edge tile writes only in-bounds region
22/43 Test: blend_microblock: edge tile writes only in-bounds region
Command: "/localdev/smarton/gstt2/build/tests/gsplat_cpu_tests" "blend_microblock: edge tile writes only in-bounds region"
Directory: /localdev/smarton/gstt2/build/tests
"blend_microblock: edge tile writes only in-bounds region" start time: Jun 04 11:11 UTC
Output:
----------------------------------------------------------
Filters: "blend_microblock: edge tile writes only in-bounds region"
Randomness seeded to: 1712832418
[L1REC_DBG] blend_microblock M=1 L_prime=17 HxW=40x40 tiles=4
===============================================================================
All tests passed (3 assertions in 1 test case)

<end of output>
Test time =   0.04 sec
----------------------------------------------------------
Test Passed.
"blend_microblock: edge tile writes only in-bounds region" end time: Jun 04 11:11 UTC
"blend_microblock: edge tile writes only in-bounds region" time elapsed: 00:00:00
----------------------------------------------------------

8/43 Testing: ThreadPool: destructor joins cleanly without leaks
8/43 Test: ThreadPool: destructor joins cleanly without leaks
Command: "/localdev/smarton/gstt2/build/tests/gsplat_cpu_tests" "ThreadPool: destructor joins cleanly without leaks"
Directory: /localdev/smarton/gstt2/build/tests
"ThreadPool: destructor joins cleanly without leaks" start time: Jun 04 11:11 UTC
Output:
----------------------------------------------------------
Filters: "ThreadPool: destructor joins cleanly without leaks"
Randomness seeded to: 3567546058
===============================================================================
test cases: 1 | 1 passed
assertions: - none -

<end of output>
Test time =   0.07 sec
----------------------------------------------------------
Test Passed.
"ThreadPool: destructor joins cleanly without leaks" end time: Jun 04 11:11 UTC
"ThreadPool: destructor joins cleanly without leaks" time elapsed: 00:00:00
----------------------------------------------------------

35/43 Testing: ThreadPool: tasks see distinct work units
35/43 Test: ThreadPool: tasks see distinct work units
Command: "/localdev/smarton/gstt2/build/tests/gsplat_cpu_tests" "ThreadPool: tasks see distinct work units"
Directory: /localdev/smarton/gstt2/build/tests
"ThreadPool: tasks see distinct work units" start time: Jun 04 11:11 UTC
Output:
----------------------------------------------------------
Filters: "ThreadPool: tasks see distinct work units"
Randomness seeded to: 3801920162
===============================================================================
All tests passed (1 assertion in 1 test case)

<end of output>
Test time =   0.09 sec
----------------------------------------------------------
Test Passed.
"ThreadPool: tasks see distinct work units" end time: Jun 04 11:11 UTC
"ThreadPool: tasks see distinct work units" time elapsed: 00:00:00
----------------------------------------------------------

7/43 Testing: microblock_cull: single tile center Gaussian small sigma keeps one microblock
7/43 Test: microblock_cull: single tile center Gaussian small sigma keeps one microblock
Command: "/localdev/smarton/gstt2/build/tests/gsplat_cpu_tests" "microblock_cull: single tile center Gaussian small sigma keeps one microblock"
Directory: /localdev/smarton/gstt2/build/tests
"microblock_cull: single tile center Gaussian small sigma keeps one microblock" start time: Jun 04 11:11 UTC
Output:
----------------------------------------------------------
Filters: "microblock_cull: single tile center Gaussian small sigma keeps one microblock"
Randomness seeded to: 569005321
===============================================================================
All tests passed (28 assertions in 1 test case)

<end of output>
Test time =   0.10 sec
----------------------------------------------------------
Test Passed.
"microblock_cull: single tile center Gaussian small sigma keeps one microblock" end time: Jun 04 11:11 UTC
"microblock_cull: single tile center Gaussian small sigma keeps one microblock" time elapsed: 00:00:00
----------------------------------------------------------

18/43 Testing: tile_assign: Mahalanobis cull drops low-contribution pair
18/43 Test: tile_assign: Mahalanobis cull drops low-contribution pair
Command: "/localdev/smarton/gstt2/build/tests/gsplat_cpu_tests" "tile_assign: Mahalanobis cull drops low-contribution pair"
Directory: /localdev/smarton/gstt2/build/tests
"tile_assign: Mahalanobis cull drops low-contribution pair" start time: Jun 04 11:11 UTC
Output:
----------------------------------------------------------
Filters: "tile_assign: Mahalanobis cull drops low-contribution pair"
Randomness seeded to: 1487621160
===============================================================================
All tests passed (2 assertions in 1 test case)

<end of output>
Test time =   0.07 sec
----------------------------------------------------------
Test Passed.
"tile_assign: Mahalanobis cull drops low-contribution pair" end time: Jun 04 11:11 UTC
"tile_assign: Mahalanobis cull drops low-contribution pair" time elapsed: 00:00:00
----------------------------------------------------------

1/43 Testing: ThreadPool: parallel_for n=0 is a no-op
1/43 Test: ThreadPool: parallel_for n=0 is a no-op
Command: "/localdev/smarton/gstt2/build/tests/gsplat_cpu_tests" "ThreadPool: parallel_for n=0 is a no-op"
Directory: /localdev/smarton/gstt2/build/tests
"ThreadPool: parallel_for n=0 is a no-op" start time: Jun 04 11:11 UTC
Output:
----------------------------------------------------------
Filters: "ThreadPool: parallel_for n=0 is a no-op"
Randomness seeded to: 44347347
===============================================================================
All tests passed (1 assertion in 1 test case)

<end of output>
Test time =   0.08 sec
----------------------------------------------------------
Test Passed.
"ThreadPool: parallel_for n=0 is a no-op" end time: Jun 04 11:11 UTC
"ThreadPool: parallel_for n=0 is a no-op" time elapsed: 00:00:00
----------------------------------------------------------

12/43 Testing: blend_microblock: single tile single Gaussian at center
12/43 Test: blend_microblock: single tile single Gaussian at center
Command: "/localdev/smarton/gstt2/build/tests/gsplat_cpu_tests" "blend_microblock: single tile single Gaussian at center"
Directory: /localdev/smarton/gstt2/build/tests
"blend_microblock: single tile single Gaussian at center" start time: Jun 04 11:11 UTC
Output:
----------------------------------------------------------
Filters: "blend_microblock: single tile single Gaussian at center"
Randomness seeded to: 1180123299
[L1REC_DBG] blend_microblock M=1 L_prime=32 HxW=32x32 tiles=1
===============================================================================
All tests passed (4 assertions in 1 test case)

<end of output>
Test time =   0.13 sec
----------------------------------------------------------
Test Passed.
"blend_microblock: single tile single Gaussian at center" end time: Jun 04 11:11 UTC
"blend_microblock: single tile single Gaussian at center" time elapsed: 00:00:00
----------------------------------------------------------

40/43 Testing: project: near-plane cull
40/43 Test: project: near-plane cull
Command: "/localdev/smarton/gstt2/build/tests/gsplat_cpu_tests" "project: near-plane cull"
Directory: /localdev/smarton/gstt2/build/tests
"project: near-plane cull" start time: Jun 04 11:11 UTC
Output:
----------------------------------------------------------
Filters: "project: near-plane cull"
Randomness seeded to: 1137909042
===============================================================================
All tests passed (2 assertions in 1 test case)

<end of output>
Test time =   0.06 sec
----------------------------------------------------------
Test Passed.
"project: near-plane cull" end time: Jun 04 11:11 UTC
"project: near-plane cull" time elapsed: 00:00:00
----------------------------------------------------------

16/43 Testing: ThreadPool: every task runs exactly once
16/43 Test: ThreadPool: every task runs exactly once
Command: "/localdev/smarton/gstt2/build/tests/gsplat_cpu_tests" "ThreadPool: every task runs exactly once"
Directory: /localdev/smarton/gstt2/build/tests
"ThreadPool: every task runs exactly once" start time: Jun 04 11:11 UTC
Output:
----------------------------------------------------------
Filters: "ThreadPool: every task runs exactly once"
Randomness seeded to: 3286821634
===============================================================================
All tests passed (10000 assertions in 1 test case)

<end of output>
Test time =   0.05 sec
----------------------------------------------------------
Test Passed.
"ThreadPool: every task runs exactly once" end time: Jun 04 11:11 UTC
"ThreadPool: every task runs exactly once" time elapsed: 00:00:00
----------------------------------------------------------

43/43 Testing: blend: single tile single Gaussian red at center
43/43 Test: blend: single tile single Gaussian red at center
Command: "/localdev/smarton/gstt2/build/tests/gsplat_cpu_tests" "blend: single tile single Gaussian red at center"
Directory: /localdev/smarton/gstt2/build/tests
"blend: single tile single Gaussian red at center" start time: Jun 04 11:11 UTC
Output:
----------------------------------------------------------
Filters: "blend: single tile single Gaussian red at center"
Randomness seeded to: 1644553170
===============================================================================
All tests passed (4 assertions in 1 test case)

<end of output>
Test time =   0.04 sec
----------------------------------------------------------
Test Passed.
"blend: single tile single Gaussian red at center" end time: Jun 04 11:11 UTC
"blend: single tile single Gaussian red at center" time elapsed: 00:00:00
----------------------------------------------------------

5/43 Testing: microblock_cull: tilted Gaussian crossing tile diagonal is NOT dropped
5/43 Test: microblock_cull: tilted Gaussian crossing tile diagonal is NOT dropped
Command: "/localdev/smarton/gstt2/build/tests/gsplat_cpu_tests" "microblock_cull: tilted Gaussian crossing tile diagonal is NOT dropped"
Directory: /localdev/smarton/gstt2/build/tests
"microblock_cull: tilted Gaussian crossing tile diagonal is NOT dropped" start time: Jun 04 11:11 UTC
Output:
----------------------------------------------------------
Filters: "microblock_cull: tilted Gaussian crossing tile diagonal is NOT dropped"
Randomness seeded to: 3228424646
===============================================================================
All tests passed (1 assertion in 1 test case)

<end of output>
Test time =   0.03 sec
----------------------------------------------------------
Test Passed.
"microblock_cull: tilted Gaussian crossing tile diagonal is NOT dropped" end time: Jun 04 11:11 UTC
"microblock_cull: tilted Gaussian crossing tile diagonal is NOT dropped" time elapsed: 00:00:00
----------------------------------------------------------

3/43 Testing: tile_assign: tiles_per_gaussian sum equals pair count
3/43 Test: tile_assign: tiles_per_gaussian sum equals pair count
Command: "/localdev/smarton/gstt2/build/tests/gsplat_cpu_tests" "tile_assign: tiles_per_gaussian sum equals pair count"
Directory: /localdev/smarton/gstt2/build/tests
"tile_assign: tiles_per_gaussian sum equals pair count" start time: Jun 04 11:11 UTC
Output:
----------------------------------------------------------
Filters: "tile_assign: tiles_per_gaussian sum equals pair count"
Randomness seeded to: 1904999203
===============================================================================
All tests passed (2 assertions in 1 test case)

<end of output>
Test time =   0.02 sec
----------------------------------------------------------
Test Passed.
"tile_assign: tiles_per_gaussian sum equals pair count" end time: Jun 04 11:11 UTC
"tile_assign: tiles_per_gaussian sum equals pair count" time elapsed: 00:00:00
----------------------------------------------------------

15/43 Testing: blend: empty tile stays zero
15/43 Test: blend: empty tile stays zero
Command: "/localdev/smarton/gstt2/build/tests/gsplat_cpu_tests" "blend: empty tile stays zero"
Directory: /localdev/smarton/gstt2/build/tests
"blend: empty tile stays zero" start time: Jun 04 11:11 UTC
Output:
----------------------------------------------------------
Filters: "blend: empty tile stays zero"
Randomness seeded to: 2464648768
===============================================================================
All tests passed (1 assertion in 1 test case)

<end of output>
Test time =   0.01 sec
----------------------------------------------------------
Test Passed.
"blend: empty tile stays zero" end time: Jun 04 11:11 UTC
"blend: empty tile stays zero" time elapsed: 00:00:00
----------------------------------------------------------

28/43 Testing: project_full: single Gaussian hand-computed cov2d
28/43 Test: project_full: single Gaussian hand-computed cov2d
Command: "/localdev/smarton/gstt2/build/tests/gsplat_cpu_tests" "project_full: single Gaussian hand-computed cov2d"
Directory: /localdev/smarton/gstt2/build/tests
"project_full: single Gaussian hand-computed cov2d" start time: Jun 04 11:11 UTC
Output:
----------------------------------------------------------
Filters: "project_full: single Gaussian hand-computed cov2d"
Randomness seeded to: 2247477981
===============================================================================
All tests passed (7 assertions in 1 test case)

<end of output>
Test time =   0.02 sec
----------------------------------------------------------
Test Passed.
"project_full: single Gaussian hand-computed cov2d" end time: Jun 04 11:11 UTC
"project_full: single Gaussian hand-computed cov2d" time elapsed: 00:00:00
----------------------------------------------------------

14/43 Testing: sort: empty input returns empty sorted ids and zero ranges
14/43 Test: sort: empty input returns empty sorted ids and zero ranges
Command: "/localdev/smarton/gstt2/build/tests/gsplat_cpu_tests" "sort: empty input returns empty sorted ids and zero ranges"
Directory: /localdev/smarton/gstt2/build/tests
"sort: empty input returns empty sorted ids and zero ranges" start time: Jun 04 11:11 UTC
Output:
----------------------------------------------------------
Filters: "sort: empty input returns empty sorted ids and zero ranges"
Randomness seeded to: 2208982187
===============================================================================
All tests passed (10 assertions in 1 test case)

<end of output>
Test time =   0.03 sec
----------------------------------------------------------
Test Passed.
"sort: empty input returns empty sorted ids and zero ranges" end time: Jun 04 11:11 UTC
"sort: empty input returns empty sorted ids and zero ranges" time elapsed: 00:00:00
----------------------------------------------------------

4/43 Testing: project: hero fixture Gaussian 4102
4/43 Test: project: hero fixture Gaussian 4102
Command: "/localdev/smarton/gstt2/build/tests/gsplat_cpu_tests" "project: hero fixture Gaussian 4102"
Directory: /localdev/smarton/gstt2/build/tests
"project: hero fixture Gaussian 4102" start time: Jun 04 11:11 UTC
Output:
----------------------------------------------------------
Filters: "project: hero fixture Gaussian 4102"
Randomness seeded to: 920466352
===============================================================================
All tests passed (6 assertions in 1 test case)

<end of output>
Test time =   0.06 sec
----------------------------------------------------------
Test Passed.
"project: hero fixture Gaussian 4102" end time: Jun 04 11:11 UTC
"project: hero fixture Gaussian 4102" time elapsed: 00:00:00
----------------------------------------------------------

25/43 Testing: ThreadPool: parallel_for n=1 still runs the task
25/43 Test: ThreadPool: parallel_for n=1 still runs the task
Command: "/localdev/smarton/gstt2/build/tests/gsplat_cpu_tests" "ThreadPool: parallel_for n=1 still runs the task"
Directory: /localdev/smarton/gstt2/build/tests
"ThreadPool: parallel_for n=1 still runs the task" start time: Jun 04 11:11 UTC
Output:
----------------------------------------------------------
Filters: "ThreadPool: parallel_for n=1 still runs the task"
Randomness seeded to: 2387945745
===============================================================================
All tests passed (2 assertions in 1 test case)

<end of output>
Test time =   0.13 sec
----------------------------------------------------------
Test Passed.
"ThreadPool: parallel_for n=1 still runs the task" end time: Jun 04 11:11 UTC
"ThreadPool: parallel_for n=1 still runs the task" time elapsed: 00:00:00
----------------------------------------------------------

17/43 Testing: blend_microblock: two Gaussians front-to-back second dominates center
17/43 Test: blend_microblock: two Gaussians front-to-back second dominates center
Command: "/localdev/smarton/gstt2/build/tests/gsplat_cpu_tests" "blend_microblock: two Gaussians front-to-back second dominates center"
Directory: /localdev/smarton/gstt2/build/tests
"blend_microblock: two Gaussians front-to-back second dominates center" start time: Jun 04 11:11 UTC
Output:
----------------------------------------------------------
Filters: "blend_microblock: two Gaussians front-to-back second dominates center"
Randomness seeded to: 3490620342
[L1REC_DBG] blend_microblock M=2 L_prime=64 HxW=32x32 tiles=1
===============================================================================
All tests passed (2 assertions in 1 test case)

<end of output>
Test time =   0.06 sec
----------------------------------------------------------
Test Passed.
"blend_microblock: two Gaussians front-to-back second dominates center" end time: Jun 04 11:11 UTC
"blend_microblock: two Gaussians front-to-back second dominates center" time elapsed: 00:00:00
----------------------------------------------------------

19/43 Testing: blend_microblock: per-microblock early termination with stacked opaque Gaussians
19/43 Test: blend_microblock: per-microblock early termination with stacked opaque Gaussians
Command: "/localdev/smarton/gstt2/build/tests/gsplat_cpu_tests" "blend_microblock: per-microblock early termination with stacked opaque Gaussians"
Directory: /localdev/smarton/gstt2/build/tests
"blend_microblock: per-microblock early termination with stacked opaque Gaussians" start time: Jun 04 11:11 UTC
Output:
----------------------------------------------------------
Filters: "blend_microblock: per-microblock early termination with stacked opaque Gaussians"
Randomness seeded to: 2191643381
[L1REC_DBG] blend_microblock M=100 L_prime=100 HxW=32x32 tiles=1
===============================================================================
All tests passed (2 assertions in 1 test case)

<end of output>
Test time =   0.08 sec
----------------------------------------------------------
Test Passed.
"blend_microblock: per-microblock early termination with stacked opaque Gaussians" end time: Jun 04 11:11 UTC
"blend_microblock: per-microblock early termination with stacked opaque Gaussians" time elapsed: 00:00:00
----------------------------------------------------------

20/43 Testing: microblock_cull: empty tile header stays zero
20/43 Test: microblock_cull: empty tile header stays zero
Command: "/localdev/smarton/gstt2/build/tests/gsplat_cpu_tests" "microblock_cull: empty tile header stays zero"
Directory: /localdev/smarton/gstt2/build/tests
"microblock_cull: empty tile header stays zero" start time: Jun 04 11:11 UTC
Output:
----------------------------------------------------------
Filters: "microblock_cull: empty tile header stays zero"
Randomness seeded to: 932707129
===============================================================================
All tests passed (66 assertions in 1 test case)

<end of output>
Test time =   0.10 sec
----------------------------------------------------------
Test Passed.
"microblock_cull: empty tile header stays zero" end time: Jun 04 11:11 UTC
"microblock_cull: empty tile header stays zero" time elapsed: 00:00:00
----------------------------------------------------------

9/43 Testing: quat_to_rotation_matrix: identity and 90-degree axes
9/43 Test: quat_to_rotation_matrix: identity and 90-degree axes
Command: "/localdev/smarton/gstt2/build/tests/gsplat_cpu_tests" "quat_to_rotation_matrix: identity and 90-degree axes"
Directory: /localdev/smarton/gstt2/build/tests
"quat_to_rotation_matrix: identity and 90-degree axes" start time: Jun 04 11:11 UTC
Output:
----------------------------------------------------------
Filters: "quat_to_rotation_matrix: identity and 90-degree axes"
Randomness seeded to: 4121570542
===============================================================================
All tests passed (4 assertions in 1 test case)

<end of output>
Test time =   0.10 sec
----------------------------------------------------------
Test Passed.
"quat_to_rotation_matrix: identity and 90-degree axes" end time: Jun 04 11:11 UTC
"quat_to_rotation_matrix: identity and 90-degree axes" time elapsed: 00:00:00
----------------------------------------------------------

10/43 Testing: microblock_cull: depth order preserved within microblock
10/43 Test: microblock_cull: depth order preserved within microblock
Command: "/localdev/smarton/gstt2/build/tests/gsplat_cpu_tests" "microblock_cull: depth order preserved within microblock"
Directory: /localdev/smarton/gstt2/build/tests
"microblock_cull: depth order preserved within microblock" start time: Jun 04 11:11 UTC
Output:
----------------------------------------------------------
Filters: "microblock_cull: depth order preserved within microblock"
Randomness seeded to: 4208941666
===============================================================================
All tests passed (65 assertions in 1 test case)

<end of output>
Test time =   0.19 sec
----------------------------------------------------------
Test Passed.
"microblock_cull: depth order preserved within microblock" end time: Jun 04 11:11 UTC
"microblock_cull: depth order preserved within microblock" time elapsed: 00:00:00
----------------------------------------------------------

23/43 Testing: sort: same tile_id orders by depth not gaussian_id
23/43 Test: sort: same tile_id orders by depth not gaussian_id
Command: "/localdev/smarton/gstt2/build/tests/gsplat_cpu_tests" "sort: same tile_id orders by depth not gaussian_id"
Directory: /localdev/smarton/gstt2/build/tests
"sort: same tile_id orders by depth not gaussian_id" start time: Jun 04 11:11 UTC
Output:
----------------------------------------------------------
Filters: "sort: same tile_id orders by depth not gaussian_id"
Randomness seeded to: 2465773419
===============================================================================
All tests passed (3 assertions in 1 test case)

<end of output>
Test time =   0.09 sec
----------------------------------------------------------
Test Passed.
"sort: same tile_id orders by depth not gaussian_id" end time: Jun 04 11:11 UTC
"sort: same tile_id orders by depth not gaussian_id" time elapsed: 00:00:00
----------------------------------------------------------

24/43 Testing: microblock_cull: single tile center Gaussian large sigma keeps many microblocks
24/43 Test: microblock_cull: single tile center Gaussian large sigma keeps many microblocks
Command: "/localdev/smarton/gstt2/build/tests/gsplat_cpu_tests" "microblock_cull: single tile center Gaussian large sigma keeps many microblocks"
Directory: /localdev/smarton/gstt2/build/tests
"microblock_cull: single tile center Gaussian large sigma keeps many microblocks" start time: Jun 04 11:11 UTC
Output:
----------------------------------------------------------
Filters: "microblock_cull: single tile center Gaussian large sigma keeps many microblocks"
Randomness seeded to: 1007717263
===============================================================================
All tests passed (1 assertion in 1 test case)

<end of output>
Test time =   0.12 sec
----------------------------------------------------------
Test Passed.
"microblock_cull: single tile center Gaussian large sigma keeps many microblocks" end time: Jun 04 11:11 UTC
"microblock_cull: single tile center Gaussian large sigma keeps many microblocks" time elapsed: 00:00:00
----------------------------------------------------------

34/43 Testing: blend_microblock: empty tile stays zero
34/43 Test: blend_microblock: empty tile stays zero
Command: "/localdev/smarton/gstt2/build/tests/gsplat_cpu_tests" "blend_microblock: empty tile stays zero"
Directory: /localdev/smarton/gstt2/build/tests
"blend_microblock: empty tile stays zero" start time: Jun 04 11:11 UTC
Output:
----------------------------------------------------------
Filters: "blend_microblock: empty tile stays zero"
Randomness seeded to: 3947788023
[L1REC_DBG] blend_microblock M=1 L_prime=0 HxW=32x32 tiles=1
===============================================================================
All tests passed (1 assertion in 1 test case)

<end of output>
Test time =   0.16 sec
----------------------------------------------------------
Test Passed.
"blend_microblock: empty tile stays zero" end time: Jun 04 11:11 UTC
"blend_microblock: empty tile stays zero" time elapsed: 00:00:00
----------------------------------------------------------

21/43 Testing: tile_assign: single Gaussian at tile center gets one tile
21/43 Test: tile_assign: single Gaussian at tile center gets one tile
Command: "/localdev/smarton/gstt2/build/tests/gsplat_cpu_tests" "tile_assign: single Gaussian at tile center gets one tile"
Directory: /localdev/smarton/gstt2/build/tests
"tile_assign: single Gaussian at tile center gets one tile" start time: Jun 04 11:11 UTC
Output:
----------------------------------------------------------
Filters: "tile_assign: single Gaussian at tile center gets one tile"
Randomness seeded to: 3271972272
===============================================================================
All tests passed (6 assertions in 1 test case)

<end of output>
Test time =   0.18 sec
----------------------------------------------------------
Test Passed.
"tile_assign: single Gaussian at tile center gets one tile" end time: Jun 04 11:11 UTC
"tile_assign: single Gaussian at tile center gets one tile" time elapsed: 00:00:00
----------------------------------------------------------

41/43 Testing: project: single Gaussian hand-computed radii
41/43 Test: project: single Gaussian hand-computed radii
Command: "/localdev/smarton/gstt2/build/tests/gsplat_cpu_tests" "project: single Gaussian hand-computed radii"
Directory: /localdev/smarton/gstt2/build/tests
"project: single Gaussian hand-computed radii" start time: Jun 04 11:11 UTC
Output:
----------------------------------------------------------
Filters: "project: single Gaussian hand-computed radii"
Randomness seeded to: 1388177427
===============================================================================
All tests passed (5 assertions in 1 test case)

<end of output>
Test time =   0.25 sec
----------------------------------------------------------
Test Passed.
"project: single Gaussian hand-computed radii" end time: Jun 04 11:11 UTC
"project: single Gaussian hand-computed radii" time elapsed: 00:00:00
----------------------------------------------------------

27/43 Testing: blend: edge tile writes only in-bounds region
27/43 Test: blend: edge tile writes only in-bounds region
Command: "/localdev/smarton/gstt2/build/tests/gsplat_cpu_tests" "blend: edge tile writes only in-bounds region"
Directory: /localdev/smarton/gstt2/build/tests
"blend: edge tile writes only in-bounds region" start time: Jun 04 11:11 UTC
Output:
----------------------------------------------------------
Filters: "blend: edge tile writes only in-bounds region"
Randomness seeded to: 550052789
===============================================================================
All tests passed (3 assertions in 1 test case)

<end of output>
Test time =   0.09 sec
----------------------------------------------------------
Test Passed.
"blend: edge tile writes only in-bounds region" end time: Jun 04 11:11 UTC
"blend: edge tile writes only in-bounds region" time elapsed: 00:00:00
----------------------------------------------------------

2/43 Testing: sort: empty tiles keep zero ranges
2/43 Test: sort: empty tiles keep zero ranges
Command: "/localdev/smarton/gstt2/build/tests/gsplat_cpu_tests" "sort: empty tiles keep zero ranges"
Directory: /localdev/smarton/gstt2/build/tests
"sort: empty tiles keep zero ranges" start time: Jun 04 11:11 UTC
Output:
----------------------------------------------------------
Filters: "sort: empty tiles keep zero ranges"
Randomness seeded to: 1761296221
===============================================================================
All tests passed (6 assertions in 1 test case)

<end of output>
Test time =   0.08 sec
----------------------------------------------------------
Test Passed.
"sort: empty tiles keep zero ranges" end time: Jun 04 11:11 UTC
"sort: empty tiles keep zero ranges" time elapsed: 00:00:00
----------------------------------------------------------

33/43 Testing: sort: same tile sorted by depth front-to-back
33/43 Test: sort: same tile sorted by depth front-to-back
Command: "/localdev/smarton/gstt2/build/tests/gsplat_cpu_tests" "sort: same tile sorted by depth front-to-back"
Directory: /localdev/smarton/gstt2/build/tests
"sort: same tile sorted by depth front-to-back" start time: Jun 04 11:11 UTC
Output:
----------------------------------------------------------
Filters: "sort: same tile sorted by depth front-to-back"
Randomness seeded to: 306714258
===============================================================================
All tests passed (4 assertions in 1 test case)

<end of output>
Test time =   0.07 sec
----------------------------------------------------------
Test Passed.
"sort: same tile sorted by depth front-to-back" end time: Jun 04 11:11 UTC
"sort: same tile sorted by depth front-to-back" time elapsed: 00:00:00
----------------------------------------------------------

11/43 Testing: tile_assign: Gaussian straddling four tiles gets four pairs
11/43 Test: tile_assign: Gaussian straddling four tiles gets four pairs
Command: "/localdev/smarton/gstt2/build/tests/gsplat_cpu_tests" "tile_assign: Gaussian straddling four tiles gets four pairs"
Directory: /localdev/smarton/gstt2/build/tests
"tile_assign: Gaussian straddling four tiles gets four pairs" start time: Jun 04 11:11 UTC
Output:
----------------------------------------------------------
Filters: "tile_assign: Gaussian straddling four tiles gets four pairs"
Randomness seeded to: 1852081861
===============================================================================
All tests passed (4 assertions in 1 test case)

<end of output>
Test time =   0.06 sec
----------------------------------------------------------
Test Passed.
"tile_assign: Gaussian straddling four tiles gets four pairs" end time: Jun 04 11:11 UTC
"tile_assign: Gaussian straddling four tiles gets four pairs" time elapsed: 00:00:00
----------------------------------------------------------

30/43 Testing: project: hero fixture cov2d matches numpy
30/43 Test: project: hero fixture cov2d matches numpy
Command: "/localdev/smarton/gstt2/build/tests/gsplat_cpu_tests" "project: hero fixture cov2d matches numpy"
Directory: /localdev/smarton/gstt2/build/tests
"project: hero fixture cov2d matches numpy" start time: Jun 04 11:11 UTC
Output:
----------------------------------------------------------
Filters: "project: hero fixture cov2d matches numpy"
Randomness seeded to: 4150427534
===============================================================================
All tests passed (3 assertions in 1 test case)

<end of output>
Test time =   0.06 sec
----------------------------------------------------------
Test Passed.
"project: hero fixture cov2d matches numpy" end time: Jun 04 11:11 UTC
"project: hero fixture cov2d matches numpy" time elapsed: 00:00:00
----------------------------------------------------------

42/43 Testing: sort: tile_ranges for three populated tiles
42/43 Test: sort: tile_ranges for three populated tiles
Command: "/localdev/smarton/gstt2/build/tests/gsplat_cpu_tests" "sort: tile_ranges for three populated tiles"
Directory: /localdev/smarton/gstt2/build/tests
"sort: tile_ranges for three populated tiles" start time: Jun 04 11:11 UTC
Output:
----------------------------------------------------------
Filters: "sort: tile_ranges for three populated tiles"
Randomness seeded to: 4033583454
===============================================================================
All tests passed (6 assertions in 1 test case)

<end of output>
Test time =   0.01 sec
----------------------------------------------------------
Test Passed.
"sort: tile_ranges for three populated tiles" end time: Jun 04 11:11 UTC
"sort: tile_ranges for three populated tiles" time elapsed: 00:00:00
----------------------------------------------------------

37/43 Testing: tile_assign: empty input returns empty arrays
37/43 Test: tile_assign: empty input returns empty arrays
Command: "/localdev/smarton/gstt2/build/tests/gsplat_cpu_tests" "tile_assign: empty input returns empty arrays"
Directory: /localdev/smarton/gstt2/build/tests
"tile_assign: empty input returns empty arrays" start time: Jun 04 11:11 UTC
Output:
----------------------------------------------------------
Filters: "tile_assign: empty input returns empty arrays"
Randomness seeded to: 2468699643
===============================================================================
All tests passed (3 assertions in 1 test case)

<end of output>
Test time =   0.01 sec
----------------------------------------------------------
Test Passed.
"tile_assign: empty input returns empty arrays" end time: Jun 04 11:11 UTC
"tile_assign: empty input returns empty arrays" time elapsed: 00:00:00
----------------------------------------------------------

32/43 Testing: build_jacobian matches analytic formula
32/43 Test: build_jacobian matches analytic formula
Command: "/localdev/smarton/gstt2/build/tests/gsplat_cpu_tests" "build_jacobian matches analytic formula"
Directory: /localdev/smarton/gstt2/build/tests
"build_jacobian matches analytic formula" start time: Jun 04 11:11 UTC
Output:
----------------------------------------------------------
Filters: "build_jacobian matches analytic formula"
Randomness seeded to: 3599152084
===============================================================================
All tests passed (6 assertions in 1 test case)

<end of output>
Test time =   0.01 sec
----------------------------------------------------------
Test Passed.
"build_jacobian matches analytic formula" end time: Jun 04 11:11 UTC
"build_jacobian matches analytic formula" time elapsed: 00:00:00
----------------------------------------------------------

39/43 Testing: opacity_aware_k matches numpy formula
39/43 Test: opacity_aware_k matches numpy formula
Command: "/localdev/smarton/gstt2/build/tests/gsplat_cpu_tests" "opacity_aware_k matches numpy formula"
Directory: /localdev/smarton/gstt2/build/tests
"opacity_aware_k matches numpy formula" start time: Jun 04 11:11 UTC
Output:
----------------------------------------------------------
Filters: "opacity_aware_k matches numpy formula"
Randomness seeded to: 2760858515
===============================================================================
All tests passed (4 assertions in 1 test case)

<end of output>
Test time =   0.01 sec
----------------------------------------------------------
Test Passed.
"opacity_aware_k matches numpy formula" end time: Jun 04 11:11 UTC
"opacity_aware_k matches numpy formula" time elapsed: 00:00:00
----------------------------------------------------------

29/43 Testing: project: 3-Gaussian synthetic smoke
29/43 Test: project: 3-Gaussian synthetic smoke
Command: "/localdev/smarton/gstt2/build/tests/gsplat_cpu_tests" "project: 3-Gaussian synthetic smoke"
Directory: /localdev/smarton/gstt2/build/tests
"project: 3-Gaussian synthetic smoke" start time: Jun 04 11:11 UTC
Output:
----------------------------------------------------------
Filters: "project: 3-Gaussian synthetic smoke"
Randomness seeded to: 3951077262
===============================================================================
All tests passed (12 assertions in 1 test case)

<end of output>
Test time =   0.01 sec
----------------------------------------------------------
Test Passed.
"project: 3-Gaussian synthetic smoke" end time: Jun 04 11:11 UTC
"project: 3-Gaussian synthetic smoke" time elapsed: 00:00:00
----------------------------------------------------------

31/43 Testing: blend: two Gaussians front-to-back second dominates center
31/43 Test: blend: two Gaussians front-to-back second dominates center
Command: "/localdev/smarton/gstt2/build/tests/gsplat_cpu_tests" "blend: two Gaussians front-to-back second dominates center"
Directory: /localdev/smarton/gstt2/build/tests
"blend: two Gaussians front-to-back second dominates center" start time: Jun 04 11:11 UTC
Output:
----------------------------------------------------------
Filters: "blend: two Gaussians front-to-back second dominates center"
Randomness seeded to: 1294501376
===============================================================================
All tests passed (2 assertions in 1 test case)

<end of output>
Test time =   0.00 sec
----------------------------------------------------------
Test Passed.
"blend: two Gaussians front-to-back second dominates center" end time: Jun 04 11:11 UTC
"blend: two Gaussians front-to-back second dominates center" time elapsed: 00:00:00
----------------------------------------------------------

13/43 Testing: microblock_cull: hero fixture round-trip
13/43 Test: microblock_cull: hero fixture round-trip
Command: "/localdev/smarton/gstt2/build/tests/gsplat_cpu_tests" "microblock_cull: hero fixture round-trip"
Directory: /localdev/smarton/gstt2/build/tests
"microblock_cull: hero fixture round-trip" start time: Jun 04 11:11 UTC
Output:
----------------------------------------------------------
Filters: "microblock_cull: hero fixture round-trip"
Randomness seeded to: 3461455840
===============================================================================
All tests passed (3 assertions in 1 test case)

<end of output>
Test time =   1.05 sec
----------------------------------------------------------
Test Passed.
"microblock_cull: hero fixture round-trip" end time: Jun 04 11:11 UTC
"microblock_cull: hero fixture round-trip" time elapsed: 00:00:01
----------------------------------------------------------

38/43 Testing: blend_microblock: hero fixture round-trip PSNR
38/43 Test: blend_microblock: hero fixture round-trip PSNR
Command: "/localdev/smarton/gstt2/build/tests/gsplat_cpu_tests" "blend_microblock: hero fixture round-trip PSNR"
Directory: /localdev/smarton/gstt2/build/tests
"blend_microblock: hero fixture round-trip PSNR" start time: Jun 04 11:11 UTC
Output:
----------------------------------------------------------
Filters: "blend_microblock: hero fixture round-trip PSNR"
Randomness seeded to: 1727263176
[L1REC_DBG] blend_microblock M=340588 L_prime=6839097 HxW=1024x1024 tiles=1024
===============================================================================
All tests passed (2 assertions in 1 test case)

<end of output>
Test time =   1.84 sec
----------------------------------------------------------
Test Passed.
"blend_microblock: hero fixture round-trip PSNR" end time: Jun 04 11:11 UTC
"blend_microblock: hero fixture round-trip PSNR" time elapsed: 00:00:01
----------------------------------------------------------

36/43 Testing: project_full: hero fixture cov2d matches numpy
36/43 Test: project_full: hero fixture cov2d matches numpy
Command: "/localdev/smarton/gstt2/build/tests/gsplat_cpu_tests" "project_full: hero fixture cov2d matches numpy"
Directory: /localdev/smarton/gstt2/build/tests
"project_full: hero fixture cov2d matches numpy" start time: Jun 04 11:11 UTC
Output:
----------------------------------------------------------
Filters: "project_full: hero fixture cov2d matches numpy"
Randomness seeded to: 4228935931

~~~~~~~~~~~~~~~~~~~~~~~~~~~~~~~~~~~~~~~~~~~~~~~~~~~~~~~~~~~~~~~~~~~~~~~~~~~~~~~
gsplat_cpu_tests is a Catch2 v3.10.0 host application.
Run with -? for options

-------------------------------------------------------------------------------
project_full: hero fixture cov2d matches numpy
-------------------------------------------------------------------------------
/localdev/smarton/gstt2/tests/unit/test_project.cpp:324
...............................................................................

/localdev/smarton/gstt2/tests/unit/test_project.cpp:350: SKIPPED:
explicitly with message:
  hero npz load failed; exact cov2d verified via verify_stage.py

================================================================================
test cases: 1 | 1 skipped
assertions: - none -

<end of output>
Test time =   5.58 sec
----------------------------------------------------------
Test Passed.
"project_full: hero fixture cov2d matches numpy" end time: Jun 04 11:11 UTC
"project_full: hero fixture cov2d matches numpy" time elapsed: 00:00:05
----------------------------------------------------------

End testing: Jun 04 11:11 UTC
