Start testing: May 31 09:38 UTC
----------------------------------------------------------
3/43 Testing: microblock_cull: empty tile header stays zero
3/43 Test: microblock_cull: empty tile header stays zero
Command: "/localdev/smarton/gstt2/build-tt/tests/gsplat_cpu_tests" "microblock_cull: empty tile header stays zero"
Directory: /localdev/smarton/gstt2/build-tt/tests
"microblock_cull: empty tile header stays zero" start time: May 31 09:38 UTC
Output:
----------------------------------------------------------
Filters: "microblock_cull: empty tile header stays zero"
Randomness seeded to: 3038026582
===============================================================================
All tests passed (66 assertions in 1 test case)

<end of output>
Test time =   0.01 sec
----------------------------------------------------------
Test Passed.
"microblock_cull: empty tile header stays zero" end time: May 31 09:38 UTC
"microblock_cull: empty tile header stays zero" time elapsed: 00:00:00
----------------------------------------------------------

4/43 Testing: sort: same tile sorted by depth front-to-back
4/43 Test: sort: same tile sorted by depth front-to-back
Command: "/localdev/smarton/gstt2/build-tt/tests/gsplat_cpu_tests" "sort: same tile sorted by depth front-to-back"
Directory: /localdev/smarton/gstt2/build-tt/tests
"sort: same tile sorted by depth front-to-back" start time: May 31 09:38 UTC
Output:
----------------------------------------------------------
Filters: "sort: same tile sorted by depth front-to-back"
Randomness seeded to: 3757370461
===============================================================================
All tests passed (4 assertions in 1 test case)

<end of output>
Test time =   0.01 sec
----------------------------------------------------------
Test Passed.
"sort: same tile sorted by depth front-to-back" end time: May 31 09:38 UTC
"sort: same tile sorted by depth front-to-back" time elapsed: 00:00:00
----------------------------------------------------------

5/43 Testing: tile_assign: single Gaussian at tile center gets one tile
5/43 Test: tile_assign: single Gaussian at tile center gets one tile
Command: "/localdev/smarton/gstt2/build-tt/tests/gsplat_cpu_tests" "tile_assign: single Gaussian at tile center gets one tile"
Directory: /localdev/smarton/gstt2/build-tt/tests
"tile_assign: single Gaussian at tile center gets one tile" start time: May 31 09:38 UTC
Output:
----------------------------------------------------------
Filters: "tile_assign: single Gaussian at tile center gets one tile"
Randomness seeded to: 759645955
===============================================================================
All tests passed (6 assertions in 1 test case)

<end of output>
Test time =   0.01 sec
----------------------------------------------------------
Test Passed.
"tile_assign: single Gaussian at tile center gets one tile" end time: May 31 09:38 UTC
"tile_assign: single Gaussian at tile center gets one tile" time elapsed: 00:00:00
----------------------------------------------------------

6/43 Testing: build_jacobian matches analytic formula
6/43 Test: build_jacobian matches analytic formula
Command: "/localdev/smarton/gstt2/build-tt/tests/gsplat_cpu_tests" "build_jacobian matches analytic formula"
Directory: /localdev/smarton/gstt2/build-tt/tests
"build_jacobian matches analytic formula" start time: May 31 09:38 UTC
Output:
----------------------------------------------------------
Filters: "build_jacobian matches analytic formula"
Randomness seeded to: 2483051722
===============================================================================
All tests passed (6 assertions in 1 test case)

<end of output>
Test time =   0.01 sec
----------------------------------------------------------
Test Passed.
"build_jacobian matches analytic formula" end time: May 31 09:38 UTC
"build_jacobian matches analytic formula" time elapsed: 00:00:00
----------------------------------------------------------

7/43 Testing: sort: empty input returns empty sorted ids and zero ranges
7/43 Test: sort: empty input returns empty sorted ids and zero ranges
Command: "/localdev/smarton/gstt2/build-tt/tests/gsplat_cpu_tests" "sort: empty input returns empty sorted ids and zero ranges"
Directory: /localdev/smarton/gstt2/build-tt/tests
"sort: empty input returns empty sorted ids and zero ranges" start time: May 31 09:38 UTC
Output:
----------------------------------------------------------
Filters: "sort: empty input returns empty sorted ids and zero ranges"
Randomness seeded to: 452807770
===============================================================================
All tests passed (10 assertions in 1 test case)

<end of output>
Test time =   0.01 sec
----------------------------------------------------------
Test Passed.
"sort: empty input returns empty sorted ids and zero ranges" end time: May 31 09:38 UTC
"sort: empty input returns empty sorted ids and zero ranges" time elapsed: 00:00:00
----------------------------------------------------------

8/43 Testing: blend_microblock: empty tile stays zero
8/43 Test: blend_microblock: empty tile stays zero
Command: "/localdev/smarton/gstt2/build-tt/tests/gsplat_cpu_tests" "blend_microblock: empty tile stays zero"
Directory: /localdev/smarton/gstt2/build-tt/tests
"blend_microblock: empty tile stays zero" start time: May 31 09:38 UTC
Output:
----------------------------------------------------------
Filters: "blend_microblock: empty tile stays zero"
Randomness seeded to: 3159419714
===============================================================================
All tests passed (1 assertion in 1 test case)

<end of output>
Test time =   0.01 sec
----------------------------------------------------------
Test Passed.
"blend_microblock: empty tile stays zero" end time: May 31 09:38 UTC
"blend_microblock: empty tile stays zero" time elapsed: 00:00:00
----------------------------------------------------------

9/43 Testing: tile_assign: empty input returns empty arrays
9/43 Test: tile_assign: empty input returns empty arrays
Command: "/localdev/smarton/gstt2/build-tt/tests/gsplat_cpu_tests" "tile_assign: empty input returns empty arrays"
Directory: /localdev/smarton/gstt2/build-tt/tests
"tile_assign: empty input returns empty arrays" start time: May 31 09:38 UTC
Output:
----------------------------------------------------------
Filters: "tile_assign: empty input returns empty arrays"
Randomness seeded to: 1631090679
===============================================================================
All tests passed (3 assertions in 1 test case)

<end of output>
Test time =   0.00 sec
----------------------------------------------------------
Test Passed.
"tile_assign: empty input returns empty arrays" end time: May 31 09:38 UTC
"tile_assign: empty input returns empty arrays" time elapsed: 00:00:00
----------------------------------------------------------

10/43 Testing: microblock_cull: single tile center Gaussian small sigma keeps one microblock
10/43 Test: microblock_cull: single tile center Gaussian small sigma keeps one microblock
Command: "/localdev/smarton/gstt2/build-tt/tests/gsplat_cpu_tests" "microblock_cull: single tile center Gaussian small sigma keeps one microblock"
Directory: /localdev/smarton/gstt2/build-tt/tests
"microblock_cull: single tile center Gaussian small sigma keeps one microblock" start time: May 31 09:38 UTC
Output:
----------------------------------------------------------
Filters: "microblock_cull: single tile center Gaussian small sigma keeps one microblock"
Randomness seeded to: 2639019749
===============================================================================
All tests passed (28 assertions in 1 test case)

<end of output>
Test time =   0.01 sec
----------------------------------------------------------
Test Passed.
"microblock_cull: single tile center Gaussian small sigma keeps one microblock" end time: May 31 09:38 UTC
"microblock_cull: single tile center Gaussian small sigma keeps one microblock" time elapsed: 00:00:00
----------------------------------------------------------

11/43 Testing: tile_assign: Gaussian straddling four tiles gets four pairs
11/43 Test: tile_assign: Gaussian straddling four tiles gets four pairs
Command: "/localdev/smarton/gstt2/build-tt/tests/gsplat_cpu_tests" "tile_assign: Gaussian straddling four tiles gets four pairs"
Directory: /localdev/smarton/gstt2/build-tt/tests
"tile_assign: Gaussian straddling four tiles gets four pairs" start time: May 31 09:38 UTC
Output:
----------------------------------------------------------
Filters: "tile_assign: Gaussian straddling four tiles gets four pairs"
Randomness seeded to: 276635178
===============================================================================
All tests passed (4 assertions in 1 test case)

<end of output>
Test time =   0.01 sec
----------------------------------------------------------
Test Passed.
"tile_assign: Gaussian straddling four tiles gets four pairs" end time: May 31 09:38 UTC
"tile_assign: Gaussian straddling four tiles gets four pairs" time elapsed: 00:00:00
----------------------------------------------------------

12/43 Testing: blend: two Gaussians front-to-back second dominates center
12/43 Test: blend: two Gaussians front-to-back second dominates center
Command: "/localdev/smarton/gstt2/build-tt/tests/gsplat_cpu_tests" "blend: two Gaussians front-to-back second dominates center"
Directory: /localdev/smarton/gstt2/build-tt/tests
"blend: two Gaussians front-to-back second dominates center" start time: May 31 09:38 UTC
Output:
----------------------------------------------------------
Filters: "blend: two Gaussians front-to-back second dominates center"
Randomness seeded to: 2465528484
===============================================================================
All tests passed (2 assertions in 1 test case)

<end of output>
Test time =   0.00 sec
----------------------------------------------------------
Test Passed.
"blend: two Gaussians front-to-back second dominates center" end time: May 31 09:38 UTC
"blend: two Gaussians front-to-back second dominates center" time elapsed: 00:00:00
----------------------------------------------------------

14/43 Testing: sort: same tile_id orders by depth not gaussian_id
14/43 Test: sort: same tile_id orders by depth not gaussian_id
Command: "/localdev/smarton/gstt2/build-tt/tests/gsplat_cpu_tests" "sort: same tile_id orders by depth not gaussian_id"
Directory: /localdev/smarton/gstt2/build-tt/tests
"sort: same tile_id orders by depth not gaussian_id" start time: May 31 09:38 UTC
Output:
----------------------------------------------------------
Filters: "sort: same tile_id orders by depth not gaussian_id"
Randomness seeded to: 811380639
===============================================================================
All tests passed (3 assertions in 1 test case)

<end of output>
Test time =   0.01 sec
----------------------------------------------------------
Test Passed.
"sort: same tile_id orders by depth not gaussian_id" end time: May 31 09:38 UTC
"sort: same tile_id orders by depth not gaussian_id" time elapsed: 00:00:00
----------------------------------------------------------

15/43 Testing: sort: empty tiles keep zero ranges
15/43 Test: sort: empty tiles keep zero ranges
Command: "/localdev/smarton/gstt2/build-tt/tests/gsplat_cpu_tests" "sort: empty tiles keep zero ranges"
Directory: /localdev/smarton/gstt2/build-tt/tests
"sort: empty tiles keep zero ranges" start time: May 31 09:38 UTC
Output:
----------------------------------------------------------
Filters: "sort: empty tiles keep zero ranges"
Randomness seeded to: 585901365
===============================================================================
All tests passed (6 assertions in 1 test case)

<end of output>
Test time =   0.00 sec
----------------------------------------------------------
Test Passed.
"sort: empty tiles keep zero ranges" end time: May 31 09:38 UTC
"sort: empty tiles keep zero ranges" time elapsed: 00:00:00
----------------------------------------------------------

16/43 Testing: microblock_cull: tilted Gaussian crossing tile diagonal is NOT dropped
16/43 Test: microblock_cull: tilted Gaussian crossing tile diagonal is NOT dropped
Command: "/localdev/smarton/gstt2/build-tt/tests/gsplat_cpu_tests" "microblock_cull: tilted Gaussian crossing tile diagonal is NOT dropped"
Directory: /localdev/smarton/gstt2/build-tt/tests
"microblock_cull: tilted Gaussian crossing tile diagonal is NOT dropped" start time: May 31 09:38 UTC
Output:
----------------------------------------------------------
Filters: "microblock_cull: tilted Gaussian crossing tile diagonal is NOT dropped"
Randomness seeded to: 211475494
===============================================================================
All tests passed (1 assertion in 1 test case)

<end of output>
Test time =   0.01 sec
----------------------------------------------------------
Test Passed.
"microblock_cull: tilted Gaussian crossing tile diagonal is NOT dropped" end time: May 31 09:38 UTC
"microblock_cull: tilted Gaussian crossing tile diagonal is NOT dropped" time elapsed: 00:00:00
----------------------------------------------------------

18/43 Testing: blend_microblock: single tile single Gaussian at center
18/43 Test: blend_microblock: single tile single Gaussian at center
Command: "/localdev/smarton/gstt2/build-tt/tests/gsplat_cpu_tests" "blend_microblock: single tile single Gaussian at center"
Directory: /localdev/smarton/gstt2/build-tt/tests
"blend_microblock: single tile single Gaussian at center" start time: May 31 09:38 UTC
Output:
----------------------------------------------------------
Filters: "blend_microblock: single tile single Gaussian at center"
Randomness seeded to: 1920348070
===============================================================================
All tests passed (4 assertions in 1 test case)

<end of output>
Test time =   0.00 sec
----------------------------------------------------------
Test Passed.
"blend_microblock: single tile single Gaussian at center" end time: May 31 09:38 UTC
"blend_microblock: single tile single Gaussian at center" time elapsed: 00:00:00
----------------------------------------------------------

19/43 Testing: ThreadPool: parallel_for n=0 is a no-op
19/43 Test: ThreadPool: parallel_for n=0 is a no-op
Command: "/localdev/smarton/gstt2/build-tt/tests/gsplat_cpu_tests" "ThreadPool: parallel_for n=0 is a no-op"
Directory: /localdev/smarton/gstt2/build-tt/tests
"ThreadPool: parallel_for n=0 is a no-op" start time: May 31 09:38 UTC
Output:
----------------------------------------------------------
Filters: "ThreadPool: parallel_for n=0 is a no-op"
Randomness seeded to: 2614986162
===============================================================================
All tests passed (1 assertion in 1 test case)

<end of output>
Test time =   0.01 sec
----------------------------------------------------------
Test Passed.
"ThreadPool: parallel_for n=0 is a no-op" end time: May 31 09:38 UTC
"ThreadPool: parallel_for n=0 is a no-op" time elapsed: 00:00:00
----------------------------------------------------------

21/43 Testing: microblock_cull: depth order preserved within microblock
21/43 Test: microblock_cull: depth order preserved within microblock
Command: "/localdev/smarton/gstt2/build-tt/tests/gsplat_cpu_tests" "microblock_cull: depth order preserved within microblock"
Directory: /localdev/smarton/gstt2/build-tt/tests
"microblock_cull: depth order preserved within microblock" start time: May 31 09:38 UTC
Output:
----------------------------------------------------------
Filters: "microblock_cull: depth order preserved within microblock"
Randomness seeded to: 2772804523
===============================================================================
All tests passed (65 assertions in 1 test case)

<end of output>
Test time =   0.00 sec
----------------------------------------------------------
Test Passed.
"microblock_cull: depth order preserved within microblock" end time: May 31 09:38 UTC
"microblock_cull: depth order preserved within microblock" time elapsed: 00:00:00
----------------------------------------------------------

22/43 Testing: quat_to_rotation_matrix: identity and 90-degree axes
22/43 Test: quat_to_rotation_matrix: identity and 90-degree axes
Command: "/localdev/smarton/gstt2/build-tt/tests/gsplat_cpu_tests" "quat_to_rotation_matrix: identity and 90-degree axes"
Directory: /localdev/smarton/gstt2/build-tt/tests
"quat_to_rotation_matrix: identity and 90-degree axes" start time: May 31 09:38 UTC
Output:
----------------------------------------------------------
Filters: "quat_to_rotation_matrix: identity and 90-degree axes"
Randomness seeded to: 3652527655
===============================================================================
All tests passed (4 assertions in 1 test case)

<end of output>
Test time =   0.00 sec
----------------------------------------------------------
Test Passed.
"quat_to_rotation_matrix: identity and 90-degree axes" end time: May 31 09:38 UTC
"quat_to_rotation_matrix: identity and 90-degree axes" time elapsed: 00:00:00
----------------------------------------------------------

13/43 Testing: ThreadPool: hardware_concurrency default
13/43 Test: ThreadPool: hardware_concurrency default
Command: "/localdev/smarton/gstt2/build-tt/tests/gsplat_cpu_tests" "ThreadPool: hardware_concurrency default"
Directory: /localdev/smarton/gstt2/build-tt/tests
"ThreadPool: hardware_concurrency default" start time: May 31 09:38 UTC
Output:
----------------------------------------------------------
Filters: "ThreadPool: hardware_concurrency default"
Randomness seeded to: 3800090877
===============================================================================
All tests passed (1 assertion in 1 test case)

<end of output>
Test time =   0.02 sec
----------------------------------------------------------
Test Passed.
"ThreadPool: hardware_concurrency default" end time: May 31 09:38 UTC
"ThreadPool: hardware_concurrency default" time elapsed: 00:00:00
----------------------------------------------------------

23/43 Testing: tile_assign: Mahalanobis cull drops low-contribution pair
23/43 Test: tile_assign: Mahalanobis cull drops low-contribution pair
Command: "/localdev/smarton/gstt2/build-tt/tests/gsplat_cpu_tests" "tile_assign: Mahalanobis cull drops low-contribution pair"
Directory: /localdev/smarton/gstt2/build-tt/tests
"tile_assign: Mahalanobis cull drops low-contribution pair" start time: May 31 09:38 UTC
Output:
----------------------------------------------------------
Filters: "tile_assign: Mahalanobis cull drops low-contribution pair"
Randomness seeded to: 27768378
===============================================================================
All tests passed (2 assertions in 1 test case)

<end of output>
Test time =   0.00 sec
----------------------------------------------------------
Test Passed.
"tile_assign: Mahalanobis cull drops low-contribution pair" end time: May 31 09:38 UTC
"tile_assign: Mahalanobis cull drops low-contribution pair" time elapsed: 00:00:00
----------------------------------------------------------

24/43 Testing: ThreadPool: parallel_for n=1 still runs the task
24/43 Test: ThreadPool: parallel_for n=1 still runs the task
Command: "/localdev/smarton/gstt2/build-tt/tests/gsplat_cpu_tests" "ThreadPool: parallel_for n=1 still runs the task"
Directory: /localdev/smarton/gstt2/build-tt/tests
"ThreadPool: parallel_for n=1 still runs the task" start time: May 31 09:38 UTC
Output:
----------------------------------------------------------
Filters: "ThreadPool: parallel_for n=1 still runs the task"
Randomness seeded to: 1776711500
===============================================================================
All tests passed (2 assertions in 1 test case)

<end of output>
Test time =   0.00 sec
----------------------------------------------------------
Test Passed.
"ThreadPool: parallel_for n=1 still runs the task" end time: May 31 09:38 UTC
"ThreadPool: parallel_for n=1 still runs the task" time elapsed: 00:00:00
----------------------------------------------------------

25/43 Testing: project: single Gaussian hand-computed radii
25/43 Test: project: single Gaussian hand-computed radii
Command: "/localdev/smarton/gstt2/build-tt/tests/gsplat_cpu_tests" "project: single Gaussian hand-computed radii"
Directory: /localdev/smarton/gstt2/build-tt/tests
"project: single Gaussian hand-computed radii" start time: May 31 09:38 UTC
Output:
----------------------------------------------------------
Filters: "project: single Gaussian hand-computed radii"
Randomness seeded to: 362989166
===============================================================================
All tests passed (5 assertions in 1 test case)

<end of output>
Test time =   0.00 sec
----------------------------------------------------------
Test Passed.
"project: single Gaussian hand-computed radii" end time: May 31 09:38 UTC
"project: single Gaussian hand-computed radii" time elapsed: 00:00:00
----------------------------------------------------------

27/43 Testing: blend: single tile single Gaussian red at center
27/43 Test: blend: single tile single Gaussian red at center
Command: "/localdev/smarton/gstt2/build-tt/tests/gsplat_cpu_tests" "blend: single tile single Gaussian red at center"
Directory: /localdev/smarton/gstt2/build-tt/tests
"blend: single tile single Gaussian red at center" start time: May 31 09:38 UTC
Output:
----------------------------------------------------------
Filters: "blend: single tile single Gaussian red at center"
Randomness seeded to: 4079474522
===============================================================================
All tests passed (4 assertions in 1 test case)

<end of output>
Test time =   0.00 sec
----------------------------------------------------------
Test Passed.
"blend: single tile single Gaussian red at center" end time: May 31 09:38 UTC
"blend: single tile single Gaussian red at center" time elapsed: 00:00:00
----------------------------------------------------------

17/43 Testing: ThreadPool: tasks see distinct work units
17/43 Test: ThreadPool: tasks see distinct work units
Command: "/localdev/smarton/gstt2/build-tt/tests/gsplat_cpu_tests" "ThreadPool: tasks see distinct work units"
Directory: /localdev/smarton/gstt2/build-tt/tests
"ThreadPool: tasks see distinct work units" start time: May 31 09:38 UTC
Output:
----------------------------------------------------------
Filters: "ThreadPool: tasks see distinct work units"
Randomness seeded to: 4257814672
===============================================================================
All tests passed (1 assertion in 1 test case)

<end of output>
Test time =   0.02 sec
----------------------------------------------------------
Test Passed.
"ThreadPool: tasks see distinct work units" end time: May 31 09:38 UTC
"ThreadPool: tasks see distinct work units" time elapsed: 00:00:00
----------------------------------------------------------

28/43 Testing: project: hero fixture Gaussian 4102
28/43 Test: project: hero fixture Gaussian 4102
Command: "/localdev/smarton/gstt2/build-tt/tests/gsplat_cpu_tests" "project: hero fixture Gaussian 4102"
Directory: /localdev/smarton/gstt2/build-tt/tests
"project: hero fixture Gaussian 4102" start time: May 31 09:38 UTC
Output:
----------------------------------------------------------
Filters: "project: hero fixture Gaussian 4102"
Randomness seeded to: 3432391701
===============================================================================
All tests passed (6 assertions in 1 test case)

<end of output>
Test time =   0.00 sec
----------------------------------------------------------
Test Passed.
"project: hero fixture Gaussian 4102" end time: May 31 09:38 UTC
"project: hero fixture Gaussian 4102" time elapsed: 00:00:00
----------------------------------------------------------

29/43 Testing: tile_assign: tiles_per_gaussian sum equals pair count
29/43 Test: tile_assign: tiles_per_gaussian sum equals pair count
Command: "/localdev/smarton/gstt2/build-tt/tests/gsplat_cpu_tests" "tile_assign: tiles_per_gaussian sum equals pair count"
Directory: /localdev/smarton/gstt2/build-tt/tests
"tile_assign: tiles_per_gaussian sum equals pair count" start time: May 31 09:38 UTC
Output:
----------------------------------------------------------
Filters: "tile_assign: tiles_per_gaussian sum equals pair count"
Randomness seeded to: 3204413770
===============================================================================
All tests passed (2 assertions in 1 test case)

<end of output>
Test time =   0.00 sec
----------------------------------------------------------
Test Passed.
"tile_assign: tiles_per_gaussian sum equals pair count" end time: May 31 09:38 UTC
"tile_assign: tiles_per_gaussian sum equals pair count" time elapsed: 00:00:00
----------------------------------------------------------

30/43 Testing: sort: tile_ranges for three populated tiles
30/43 Test: sort: tile_ranges for three populated tiles
Command: "/localdev/smarton/gstt2/build-tt/tests/gsplat_cpu_tests" "sort: tile_ranges for three populated tiles"
Directory: /localdev/smarton/gstt2/build-tt/tests
"sort: tile_ranges for three populated tiles" start time: May 31 09:38 UTC
Output:
----------------------------------------------------------
Filters: "sort: tile_ranges for three populated tiles"
Randomness seeded to: 1969715782
===============================================================================
All tests passed (6 assertions in 1 test case)

<end of output>
Test time =   0.00 sec
----------------------------------------------------------
Test Passed.
"sort: tile_ranges for three populated tiles" end time: May 31 09:38 UTC
"sort: tile_ranges for three populated tiles" time elapsed: 00:00:00
----------------------------------------------------------

31/43 Testing: blend: empty tile stays zero
31/43 Test: blend: empty tile stays zero
Command: "/localdev/smarton/gstt2/build-tt/tests/gsplat_cpu_tests" "blend: empty tile stays zero"
Directory: /localdev/smarton/gstt2/build-tt/tests
"blend: empty tile stays zero" start time: May 31 09:38 UTC
Output:
----------------------------------------------------------
Filters: "blend: empty tile stays zero"
Randomness seeded to: 2123244823
===============================================================================
All tests passed (1 assertion in 1 test case)

<end of output>
Test time =   0.00 sec
----------------------------------------------------------
Test Passed.
"blend: empty tile stays zero" end time: May 31 09:38 UTC
"blend: empty tile stays zero" time elapsed: 00:00:00
----------------------------------------------------------

32/43 Testing: project_full: single Gaussian hand-computed cov2d
32/43 Test: project_full: single Gaussian hand-computed cov2d
Command: "/localdev/smarton/gstt2/build-tt/tests/gsplat_cpu_tests" "project_full: single Gaussian hand-computed cov2d"
Directory: /localdev/smarton/gstt2/build-tt/tests
"project_full: single Gaussian hand-computed cov2d" start time: May 31 09:38 UTC
Output:
----------------------------------------------------------
Filters: "project_full: single Gaussian hand-computed cov2d"
Randomness seeded to: 1274222663
===============================================================================
All tests passed (7 assertions in 1 test case)

<end of output>
Test time =   0.00 sec
----------------------------------------------------------
Test Passed.
"project_full: single Gaussian hand-computed cov2d" end time: May 31 09:38 UTC
"project_full: single Gaussian hand-computed cov2d" time elapsed: 00:00:00
----------------------------------------------------------

33/43 Testing: microblock_cull: single tile center Gaussian large sigma keeps many microblocks
33/43 Test: microblock_cull: single tile center Gaussian large sigma keeps many microblocks
Command: "/localdev/smarton/gstt2/build-tt/tests/gsplat_cpu_tests" "microblock_cull: single tile center Gaussian large sigma keeps many microblocks"
Directory: /localdev/smarton/gstt2/build-tt/tests
"microblock_cull: single tile center Gaussian large sigma keeps many microblocks" start time: May 31 09:38 UTC
Output:
----------------------------------------------------------
Filters: "microblock_cull: single tile center Gaussian large sigma keeps many microblocks"
Randomness seeded to: 2246696006
===============================================================================
All tests passed (1 assertion in 1 test case)

<end of output>
Test time =   0.00 sec
----------------------------------------------------------
Test Passed.
"microblock_cull: single tile center Gaussian large sigma keeps many microblocks" end time: May 31 09:38 UTC
"microblock_cull: single tile center Gaussian large sigma keeps many microblocks" time elapsed: 00:00:00
----------------------------------------------------------

34/43 Testing: opacity_aware_k matches numpy formula
34/43 Test: opacity_aware_k matches numpy formula
Command: "/localdev/smarton/gstt2/build-tt/tests/gsplat_cpu_tests" "opacity_aware_k matches numpy formula"
Directory: /localdev/smarton/gstt2/build-tt/tests
"opacity_aware_k matches numpy formula" start time: May 31 09:38 UTC
Output:
----------------------------------------------------------
Filters: "opacity_aware_k matches numpy formula"
Randomness seeded to: 2149714935
===============================================================================
All tests passed (4 assertions in 1 test case)

<end of output>
Test time =   0.00 sec
----------------------------------------------------------
Test Passed.
"opacity_aware_k matches numpy formula" end time: May 31 09:38 UTC
"opacity_aware_k matches numpy formula" time elapsed: 00:00:00
----------------------------------------------------------

35/43 Testing: blend: edge tile writes only in-bounds region
35/43 Test: blend: edge tile writes only in-bounds region
Command: "/localdev/smarton/gstt2/build-tt/tests/gsplat_cpu_tests" "blend: edge tile writes only in-bounds region"
Directory: /localdev/smarton/gstt2/build-tt/tests
"blend: edge tile writes only in-bounds region" start time: May 31 09:38 UTC
Output:
----------------------------------------------------------
Filters: "blend: edge tile writes only in-bounds region"
Randomness seeded to: 1424090002
===============================================================================
All tests passed (3 assertions in 1 test case)

<end of output>
Test time =   0.00 sec
----------------------------------------------------------
Test Passed.
"blend: edge tile writes only in-bounds region" end time: May 31 09:38 UTC
"blend: edge tile writes only in-bounds region" time elapsed: 00:00:00
----------------------------------------------------------

36/43 Testing: ThreadPool: every task runs exactly once
36/43 Test: ThreadPool: every task runs exactly once
Command: "/localdev/smarton/gstt2/build-tt/tests/gsplat_cpu_tests" "ThreadPool: every task runs exactly once"
Directory: /localdev/smarton/gstt2/build-tt/tests
"ThreadPool: every task runs exactly once" start time: May 31 09:38 UTC
Output:
----------------------------------------------------------
Filters: "ThreadPool: every task runs exactly once"
Randomness seeded to: 2395374442
===============================================================================
All tests passed (10000 assertions in 1 test case)

<end of output>
Test time =   0.00 sec
----------------------------------------------------------
Test Passed.
"ThreadPool: every task runs exactly once" end time: May 31 09:38 UTC
"ThreadPool: every task runs exactly once" time elapsed: 00:00:00
----------------------------------------------------------

37/43 Testing: blend_microblock: edge tile writes only in-bounds region
37/43 Test: blend_microblock: edge tile writes only in-bounds region
Command: "/localdev/smarton/gstt2/build-tt/tests/gsplat_cpu_tests" "blend_microblock: edge tile writes only in-bounds region"
Directory: /localdev/smarton/gstt2/build-tt/tests
"blend_microblock: edge tile writes only in-bounds region" start time: May 31 09:38 UTC
Output:
----------------------------------------------------------
Filters: "blend_microblock: edge tile writes only in-bounds region"
Randomness seeded to: 1815060997
===============================================================================
All tests passed (3 assertions in 1 test case)

<end of output>
Test time =   0.00 sec
----------------------------------------------------------
Test Passed.
"blend_microblock: edge tile writes only in-bounds region" end time: May 31 09:38 UTC
"blend_microblock: edge tile writes only in-bounds region" time elapsed: 00:00:00
----------------------------------------------------------

20/43 Testing: ThreadPool: destructor joins cleanly without leaks
20/43 Test: ThreadPool: destructor joins cleanly without leaks
Command: "/localdev/smarton/gstt2/build-tt/tests/gsplat_cpu_tests" "ThreadPool: destructor joins cleanly without leaks"
Directory: /localdev/smarton/gstt2/build-tt/tests
"ThreadPool: destructor joins cleanly without leaks" start time: May 31 09:38 UTC
Output:
----------------------------------------------------------
Filters: "ThreadPool: destructor joins cleanly without leaks"
Randomness seeded to: 398339345
===============================================================================
test cases: 1 | 1 passed
assertions: - none -

<end of output>
Test time =   0.03 sec
----------------------------------------------------------
Test Passed.
"ThreadPool: destructor joins cleanly without leaks" end time: May 31 09:38 UTC
"ThreadPool: destructor joins cleanly without leaks" time elapsed: 00:00:00
----------------------------------------------------------

38/43 Testing: project: hero fixture cov2d matches numpy
38/43 Test: project: hero fixture cov2d matches numpy
Command: "/localdev/smarton/gstt2/build-tt/tests/gsplat_cpu_tests" "project: hero fixture cov2d matches numpy"
Directory: /localdev/smarton/gstt2/build-tt/tests
"project: hero fixture cov2d matches numpy" start time: May 31 09:38 UTC
Output:
----------------------------------------------------------
Filters: "project: hero fixture cov2d matches numpy"
Randomness seeded to: 1520871249
===============================================================================
All tests passed (3 assertions in 1 test case)

<end of output>
Test time =   0.01 sec
----------------------------------------------------------
Test Passed.
"project: hero fixture cov2d matches numpy" end time: May 31 09:38 UTC
"project: hero fixture cov2d matches numpy" time elapsed: 00:00:00
----------------------------------------------------------

39/43 Testing: project: near-plane cull
39/43 Test: project: near-plane cull
Command: "/localdev/smarton/gstt2/build-tt/tests/gsplat_cpu_tests" "project: near-plane cull"
Directory: /localdev/smarton/gstt2/build-tt/tests
"project: near-plane cull" start time: May 31 09:38 UTC
Output:
----------------------------------------------------------
Filters: "project: near-plane cull"
Randomness seeded to: 2089238969
===============================================================================
All tests passed (2 assertions in 1 test case)

<end of output>
Test time =   0.00 sec
----------------------------------------------------------
Test Passed.
"project: near-plane cull" end time: May 31 09:38 UTC
"project: near-plane cull" time elapsed: 00:00:00
----------------------------------------------------------

40/43 Testing: project: 3-Gaussian synthetic smoke
40/43 Test: project: 3-Gaussian synthetic smoke
Command: "/localdev/smarton/gstt2/build-tt/tests/gsplat_cpu_tests" "project: 3-Gaussian synthetic smoke"
Directory: /localdev/smarton/gstt2/build-tt/tests
"project: 3-Gaussian synthetic smoke" start time: May 31 09:38 UTC
Output:
----------------------------------------------------------
Filters: "project: 3-Gaussian synthetic smoke"
Randomness seeded to: 3393414523
===============================================================================
All tests passed (12 assertions in 1 test case)

<end of output>
Test time =   0.00 sec
----------------------------------------------------------
Test Passed.
"project: 3-Gaussian synthetic smoke" end time: May 31 09:38 UTC
"project: 3-Gaussian synthetic smoke" time elapsed: 00:00:00
----------------------------------------------------------

41/43 Testing: blend_microblock: two Gaussians front-to-back second dominates center
41/43 Test: blend_microblock: two Gaussians front-to-back second dominates center
Command: "/localdev/smarton/gstt2/build-tt/tests/gsplat_cpu_tests" "blend_microblock: two Gaussians front-to-back second dominates center"
Directory: /localdev/smarton/gstt2/build-tt/tests
"blend_microblock: two Gaussians front-to-back second dominates center" start time: May 31 09:38 UTC
Output:
----------------------------------------------------------
Filters: "blend_microblock: two Gaussians front-to-back second dominates center"
Randomness seeded to: 1871798438
===============================================================================
All tests passed (2 assertions in 1 test case)

<end of output>
Test time =   0.00 sec
----------------------------------------------------------
Test Passed.
"blend_microblock: two Gaussians front-to-back second dominates center" end time: May 31 09:38 UTC
"blend_microblock: two Gaussians front-to-back second dominates center" time elapsed: 00:00:00
----------------------------------------------------------

42/43 Testing: blend_microblock: per-microblock early termination with stacked opaque Gaussians
42/43 Test: blend_microblock: per-microblock early termination with stacked opaque Gaussians
Command: "/localdev/smarton/gstt2/build-tt/tests/gsplat_cpu_tests" "blend_microblock: per-microblock early termination with stacked opaque Gaussians"
Directory: /localdev/smarton/gstt2/build-tt/tests
"blend_microblock: per-microblock early termination with stacked opaque Gaussians" start time: May 31 09:38 UTC
Output:
----------------------------------------------------------
Filters: "blend_microblock: per-microblock early termination with stacked opaque Gaussians"
Randomness seeded to: 3086004751
===============================================================================
All tests passed (2 assertions in 1 test case)

<end of output>
Test time =   0.00 sec
----------------------------------------------------------
Test Passed.
"blend_microblock: per-microblock early termination with stacked opaque Gaussians" end time: May 31 09:38 UTC
"blend_microblock: per-microblock early termination with stacked opaque Gaussians" time elapsed: 00:00:00
----------------------------------------------------------

43/43 Testing: blend: transmittance early termination with stacked opaque Gaussians
43/43 Test: blend: transmittance early termination with stacked opaque Gaussians
Command: "/localdev/smarton/gstt2/build-tt/tests/gsplat_cpu_tests" "blend: transmittance early termination with stacked opaque Gaussians"
Directory: /localdev/smarton/gstt2/build-tt/tests
"blend: transmittance early termination with stacked opaque Gaussians" start time: May 31 09:38 UTC
Output:
----------------------------------------------------------
Filters: "blend: transmittance early termination with stacked opaque Gaussians"
Randomness seeded to: 2483642438
===============================================================================
All tests passed (2 assertions in 1 test case)

<end of output>
Test time =   0.01 sec
----------------------------------------------------------
Test Passed.
"blend: transmittance early termination with stacked opaque Gaussians" end time: May 31 09:38 UTC
"blend: transmittance early termination with stacked opaque Gaussians" time elapsed: 00:00:00
----------------------------------------------------------

2/43 Testing: blend_microblock: hero fixture round-trip PSNR
2/43 Test: blend_microblock: hero fixture round-trip PSNR
Command: "/localdev/smarton/gstt2/build-tt/tests/gsplat_cpu_tests" "blend_microblock: hero fixture round-trip PSNR"
Directory: /localdev/smarton/gstt2/build-tt/tests
"blend_microblock: hero fixture round-trip PSNR" start time: May 31 09:38 UTC
Output:
----------------------------------------------------------
Filters: "blend_microblock: hero fixture round-trip PSNR"
Randomness seeded to: 4040523221
===============================================================================
All tests passed (2 assertions in 1 test case)

<end of output>
Test time =   0.50 sec
----------------------------------------------------------
Test Passed.
"blend_microblock: hero fixture round-trip PSNR" end time: May 31 09:38 UTC
"blend_microblock: hero fixture round-trip PSNR" time elapsed: 00:00:00
----------------------------------------------------------

26/43 Testing: microblock_cull: hero fixture round-trip
26/43 Test: microblock_cull: hero fixture round-trip
Command: "/localdev/smarton/gstt2/build-tt/tests/gsplat_cpu_tests" "microblock_cull: hero fixture round-trip"
Directory: /localdev/smarton/gstt2/build-tt/tests
"microblock_cull: hero fixture round-trip" start time: May 31 09:38 UTC
Output:
----------------------------------------------------------
Filters: "microblock_cull: hero fixture round-trip"
Randomness seeded to: 1315643876
===============================================================================
All tests passed (3 assertions in 1 test case)

<end of output>
Test time =   0.66 sec
----------------------------------------------------------
Test Passed.
"microblock_cull: hero fixture round-trip" end time: May 31 09:38 UTC
"microblock_cull: hero fixture round-trip" time elapsed: 00:00:00
----------------------------------------------------------

1/43 Testing: project_full: hero fixture cov2d matches numpy
1/43 Test: project_full: hero fixture cov2d matches numpy
Command: "/localdev/smarton/gstt2/build-tt/tests/gsplat_cpu_tests" "project_full: hero fixture cov2d matches numpy"
Directory: /localdev/smarton/gstt2/build-tt/tests
"project_full: hero fixture cov2d matches numpy" start time: May 31 09:38 UTC
Output:
----------------------------------------------------------
Filters: "project_full: hero fixture cov2d matches numpy"
Randomness seeded to: 3160696029

~~~~~~~~~~~~~~~~~~~~~~~~~~~~~~~~~~~~~~~~~~~~~~~~~~~~~~~~~~~~~~~~~~~~~~~~~~~~~~~
gsplat_cpu_tests is a Catch2 v3.10.0 host application.
Run with -? for options

-------------------------------------------------------------------------------
project_full: hero fixture cov2d matches numpy
-------------------------------------------------------------------------------
/localdev/smarton/gstt2/tests/unit/test_project.cpp:324
...............................................................................

/localdev/smarton/gstt2/tests/unit/test_project.cpp:350: SKIPPED:
explicitly with message:
  hero npz load failed; exact cov2d verified via verify_stage.py

================================================================================
test cases: 1 | 1 skipped
assertions: - none -

<end of output>
Test time =   5.76 sec
----------------------------------------------------------
Test Passed.
"project_full: hero fixture cov2d matches numpy" end time: May 31 09:38 UTC
"project_full: hero fixture cov2d matches numpy" time elapsed: 00:00:05
----------------------------------------------------------

End testing: May 31 09:38 UTC
